Using pre-set license
Built from '2020.2/release' branch; Version is '2020.2.1f1 (270dd8c3da1c) revision 2559448'; Using compiler version '192528614'; Build Type 'Release'
OS: 'Windows 10  (10.0.0) 64bit' Language: 'en' Physical Memory: 16314 MB
BatchMode: 1, IsHumanControllingUs: 0, StartBugReporterOnCrash: 0, Is64bit: 1, IsPro: 0

 COMMAND LINE ARGUMENTS:
A:\UnityPath\2020.2.1f1\Editor\Unity.exe
-adb2
-batchMode
-noUpm
-name
AssetImportWorker0
-projectPath
C:/Users/Family/Documents/ai-game-jam
-logFile
Logs/AssetImportWorker0.log
-srvPort
54501
Successfully changed project path to: C:/Users/Family/Documents/ai-game-jam
C:/Users/Family/Documents/ai-game-jam
Using Asset Import Pipeline V2.
Refreshing native plugins compatible for Editor in 55.02 ms, found 1 plugins.
Preloading 0 native plugins for Editor in 0.00 ms.
Initialize engine version: 2020.2.1f1 (270dd8c3da1c)
[Subsystems] Discovering subsystems at path A:/UnityPath/2020.2.1f1/Editor/Data/Resources/UnitySubsystems
[Subsystems] Discovering subsystems at path C:/Users/Family/Documents/ai-game-jam/Assets
GfxDevice: creating device client; threaded=0
Direct3D:
    Version:  Direct3D 11.0 [level 11.1]
    Renderer: NVIDIA GeForce GTX 1060 6GB (ID=0x1c03)
    Vendor:   
    VRAM:     6052 MB
    Driver:   31.0.15.1694
Initialize mono
Mono path[0] = 'A:/UnityPath/2020.2.1f1/Editor/Data/Managed'
Mono path[1] = 'A:/UnityPath/2020.2.1f1/Editor/Data/MonoBleedingEdge/lib/mono/unityjit'
Mono config path = 'A:/UnityPath/2020.2.1f1/Editor/Data/MonoBleedingEdge/etc'
Using monoOptions --debugger-agent=transport=dt_socket,embedding=1,server=y,suspend=n,address=127.0.0.1:56916
Begin MonoManager ReloadAssembly
Registering precompiled unity dll's ...
Register platform support module: A:/UnityPath/2020.2.1f1/Editor/Data/PlaybackEngines/WebGLSupport/UnityEditor.WebGL.Extensions.dll
Register platform support module: A:/UnityPath/2020.2.1f1/Editor/Data/PlaybackEngines/WindowsStandaloneSupport/UnityEditor.WindowsStandalone.Extensions.dll
Register platform support module: A:/UnityPath/2020.2.1f1/Editor/Data/PlaybackEngines/LinuxStandaloneSupport/UnityEditor.LinuxStandalone.Extensions.dll
Registered in 0.002379 seconds.
Native extension for LinuxStandalone target not found
Native extension for WindowsStandalone target not found
Native extension for WebGL target not found
Refreshing native plugins compatible for Editor in 59.47 ms, found 1 plugins.
Preloading 0 native plugins for Editor in 0.00 ms.
Invoked RoslynAnalysisRunner static constructor.
RoslynAnalysisRunner will not be running.
RoslynAnalysisRunner has terminated.
Mono: successfully reloaded assembly
- Completed reload, in  2.594 seconds
Platform modules already initialized, skipping
Registering precompiled user dll's ...
Registered in 0.003288 seconds.
Begin MonoManager ReloadAssembly
Native extension for LinuxStandalone target not found
Native extension for WindowsStandalone target not found
Native extension for WebGL target not found
Refreshing native plugins compatible for Editor in 0.57 ms, found 1 plugins.
Preloading 0 native plugins for Editor in 0.00 ms.
Invoked RoslynAnalysisRunner static constructor.
RoslynAnalysisRunner will not be running.
RoslynAnalysisRunner has terminated.
Mono: successfully reloaded assembly
- Completed reload, in  1.527 seconds
Platform modules already initialized, skipping
========================================================================
Worker process is ready to serve import requests
Launched and connected shader compiler UnityShaderCompiler.exe after 0.13 seconds
Refreshing native plugins compatible for Editor in 0.94 ms, found 1 plugins.
Preloading 0 native plugins for Editor in 0.00 ms.
Unloading 1630 Unused Serialized files (Serialized files now loaded: 0)
System memory in use before: 79.1 MB.
System memory in use after: 79.2 MB.

Unloading 19 unused Assets to reduce memory usage. Loaded Objects now: 2072.
Total: 4.983600 ms (FindLiveObjects: 0.973900 ms CreateObjectMapping: 0.266200 ms MarkObjects: 3.630400 ms  DeleteObjects: 0.110400 ms)

========================================================================
Received Import Request.
  path: Assets/magnuszane_massive_HD_8-bit_fantasy_worldmap_4k_b0b7d9be-1f03-436b-ac3f-f3a7c6795bf8.png
  artifactKey: Guid(44bf5145c5b35774182566562126e415) Importer(815301076,1909f56bfc062723c751e8b465ee728b)
Start importing Assets/magnuszane_massive_HD_8-bit_fantasy_worldmap_4k_b0b7d9be-1f03-436b-ac3f-f3a7c6795bf8.png using Guid(44bf5145c5b35774182566562126e415) Importer(815301076,1909f56bfc062723c751e8b465ee728b)  -> (artifact id: '9d0cfb0c8eb812f302dc275c2e5de550') in 0.126702 seconds
  Import took 0.131263 seconds .

========================================================================
Received Import Request.
  Time since last request: 6.835635 seconds.
  path: Assets/magnuszane_massive_HD_8-bit_fantasy_worldmap_4k_b0b7d9be-1f03-436b-ac3f-f3a7c6795bf8.png
  artifactKey: Guid(44bf5145c5b35774182566562126e415) Importer(815301076,1909f56bfc062723c751e8b465ee728b)
Start importing Assets/magnuszane_massive_HD_8-bit_fantasy_worldmap_4k_b0b7d9be-1f03-436b-ac3f-f3a7c6795bf8.png using Guid(44bf5145c5b35774182566562126e415) Importer(815301076,1909f56bfc062723c751e8b465ee728b)  -> (artifact id: 'b1c46e186afddbd03019e3da8086f612') in 0.074720 seconds
  Import took 0.079511 seconds .

========================================================================
Received Import Request.
  Time since last request: 24.663676 seconds.
  path: Assets/magnuszane_massive_HD_8-bit_fantasy_worldmap_4k_b0b7d9be-1f03-436b-ac3f-f3a7c6795bf8.png
  artifactKey: Guid(44bf5145c5b35774182566562126e415) Importer(815301076,1909f56bfc062723c751e8b465ee728b)
Start importing Assets/magnuszane_massive_HD_8-bit_fantasy_worldmap_4k_b0b7d9be-1f03-436b-ac3f-f3a7c6795bf8.png using Guid(44bf5145c5b35774182566562126e415) Importer(815301076,1909f56bfc062723c751e8b465ee728b)  -> (artifact id: 'ce29eeffb7bd5be553661fcd10df14b2') in 0.027902 seconds
  Import took 0.032784 seconds .

========================================================================
Received Import Request.
  Time since last request: 9.764377 seconds.
  path: Assets/magnuszane_massive_HD_8-bit_fantasy_worldmap_4k_b0b7d9be-1f03-436b-ac3f-f3a7c6795bf8.png
  artifactKey: Guid(44bf5145c5b35774182566562126e415) Importer(815301076,1909f56bfc062723c751e8b465ee728b)
Start importing Assets/magnuszane_massive_HD_8-bit_fantasy_worldmap_4k_b0b7d9be-1f03-436b-ac3f-f3a7c6795bf8.png using Guid(44bf5145c5b35774182566562126e415) Importer(815301076,1909f56bfc062723c751e8b465ee728b)  -> (artifact id: '4b7e20fe2f57dd984ba16a591b416623') in 0.044503 seconds
  Import took 0.048989 seconds .

========================================================================
Received Import Request.
  Time since last request: 0.001484 seconds.
  path: Assets/magnuszane_massive_HD_8-bit_fantasy_worldmap_4k_b0b7d9be-1f03-436b-ac3f-f3a7c6795bf8.png
  artifactKey: Guid(44bf5145c5b35774182566562126e415) Importer(815301076,1909f56bfc062723c751e8b465ee728b)
Start importing Assets/magnuszane_massive_HD_8-bit_fantasy_worldmap_4k_b0b7d9be-1f03-436b-ac3f-f3a7c6795bf8.png using Guid(44bf5145c5b35774182566562126e415) Importer(815301076,1909f56bfc062723c751e8b465ee728b)  -> (artifact id: '4b7e20fe2f57dd984ba16a591b416623') in 0.025959 seconds
  Import took 0.030651 seconds .

========================================================================
Received Import Request.
  Time since last request: 6.533919 seconds.
  path: Assets/magnuszane_massive_HD_8-bit_fantasy_worldmap_4k_b0b7d9be-1f03-436b-ac3f-f3a7c6795bf8.png
  artifactKey: Guid(44bf5145c5b35774182566562126e415) Importer(815301076,1909f56bfc062723c751e8b465ee728b)
Start importing Assets/magnuszane_massive_HD_8-bit_fantasy_worldmap_4k_b0b7d9be-1f03-436b-ac3f-f3a7c6795bf8.png using Guid(44bf5145c5b35774182566562126e415) Importer(815301076,1909f56bfc062723c751e8b465ee728b)  -> (artifact id: '182c4527f9680a9d8ae2f27c67a9e26d') in 0.027659 seconds
  Import took 0.033338 seconds .

========================================================================
Received Import Request.
  Time since last request: 6.449237 seconds.
  path: Assets/magnuszane_massive_HD_8-bit_fantasy_worldmap_4k_b0b7d9be-1f03-436b-ac3f-f3a7c6795bf8.png
  artifactKey: Guid(44bf5145c5b35774182566562126e415) Importer(815301076,1909f56bfc062723c751e8b465ee728b)
Start importing Assets/magnuszane_massive_HD_8-bit_fantasy_worldmap_4k_b0b7d9be-1f03-436b-ac3f-f3a7c6795bf8.png using Guid(44bf5145c5b35774182566562126e415) Importer(815301076,1909f56bfc062723c751e8b465ee728b)  -> (artifact id: '5d786602c07a0fe7b52a35ed4d22c042') in 0.026705 seconds
  Import took 0.031596 seconds .

========================================================================
Received Import Request.
  Time since last request: 6.222615 seconds.
  path: Assets/magnuszane_massive_HD_8-bit_fantasy_worldmap_4k_b0b7d9be-1f03-436b-ac3f-f3a7c6795bf8.png
  artifactKey: Guid(44bf5145c5b35774182566562126e415) Importer(815301076,1909f56bfc062723c751e8b465ee728b)
Start importing Assets/magnuszane_massive_HD_8-bit_fantasy_worldmap_4k_b0b7d9be-1f03-436b-ac3f-f3a7c6795bf8.png using Guid(44bf5145c5b35774182566562126e415) Importer(815301076,1909f56bfc062723c751e8b465ee728b)  -> (artifact id: '05a579ebf8537e357487525f857f76a9') in 0.022046 seconds
  Import took 0.026758 seconds .

========================================================================
Received Import Request.
  Time since last request: 3.637005 seconds.
  path: Assets/magnuszane_massive_HD_8-bit_fantasy_worldmap_4k_b0b7d9be-1f03-436b-ac3f-f3a7c6795bf8.png
  artifactKey: Guid(44bf5145c5b35774182566562126e415) Importer(815301076,1909f56bfc062723c751e8b465ee728b)
Start importing Assets/magnuszane_massive_HD_8-bit_fantasy_worldmap_4k_b0b7d9be-1f03-436b-ac3f-f3a7c6795bf8.png using Guid(44bf5145c5b35774182566562126e415) Importer(815301076,1909f56bfc062723c751e8b465ee728b)  -> (artifact id: 'ce94b8647cb35a26a3bc7398b651dd06') in 0.025351 seconds
  Import took 0.029928 seconds .

========================================================================
Received Import Request.
  Time since last request: 5.309151 seconds.
  path: Assets/magnuszane_massive_HD_8-bit_fantasy_worldmap_4k_b0b7d9be-1f03-436b-ac3f-f3a7c6795bf8.png
  artifactKey: Guid(44bf5145c5b35774182566562126e415) Importer(815301076,1909f56bfc062723c751e8b465ee728b)
Start importing Assets/magnuszane_massive_HD_8-bit_fantasy_worldmap_4k_b0b7d9be-1f03-436b-ac3f-f3a7c6795bf8.png using Guid(44bf5145c5b35774182566562126e415) Importer(815301076,1909f56bfc062723c751e8b465ee728b)  -> (artifact id: '6a3ab65c4a42e6d9db28c3c4abc31c2e') in 0.022889 seconds
  Import took 0.028283 seconds .

========================================================================
Received Import Request.
  Time since last request: 7.958887 seconds.
  path: Assets/magnuszane_massive_HD_8-bit_fantasy_worldmap_4k_b0b7d9be-1f03-436b-ac3f-f3a7c6795bf8.png
  artifactKey: Guid(44bf5145c5b35774182566562126e415) Importer(815301076,1909f56bfc062723c751e8b465ee728b)
Start importing Assets/magnuszane_massive_HD_8-bit_fantasy_worldmap_4k_b0b7d9be-1f03-436b-ac3f-f3a7c6795bf8.png using Guid(44bf5145c5b35774182566562126e415) Importer(815301076,1909f56bfc062723c751e8b465ee728b)  -> (artifact id: '67d12988bc5de857c5dc71cea735b561') in 0.031546 seconds
  Import took 0.036836 seconds .

========================================================================
Received Import Request.
  Time since last request: 1238.532029 seconds.
  path: Assets/Sprites/WM_final.png
  artifactKey: Guid(ab5cc30e36ff6c644869a6b6360b5fe1) Importer(815301076,1909f56bfc062723c751e8b465ee728b)
Start importing Assets/Sprites/WM_final.png using Guid(ab5cc30e36ff6c644869a6b6360b5fe1) Importer(815301076,1909f56bfc062723c751e8b465ee728b)  -> (artifact id: '93c4bf2b3e237caaa8163839064889a9') in 0.019897 seconds
  Import took 0.024084 seconds .

========================================================================
Received Import Request.
  Time since last request: 10.987824 seconds.
  path: Assets/Sprites/WM_final.png
  artifactKey: Guid(ab5cc30e36ff6c644869a6b6360b5fe1) Importer(815301076,1909f56bfc062723c751e8b465ee728b)
Start importing Assets/Sprites/WM_final.png using Guid(ab5cc30e36ff6c644869a6b6360b5fe1) Importer(815301076,1909f56bfc062723c751e8b465ee728b)  -> (artifact id: '765157ee15e006df0e6cfbdfd345849d') in 0.023892 seconds
  Import took 0.030645 seconds .

========================================================================
Received Import Request.
  Time since last request: 32.475173 seconds.
  path: Assets/Sprites/WM_final.png
  artifactKey: Guid(ab5cc30e36ff6c644869a6b6360b5fe1) Importer(815301076,1909f56bfc062723c751e8b465ee728b)
Start importing Assets/Sprites/WM_final.png using Guid(ab5cc30e36ff6c644869a6b6360b5fe1) Importer(815301076,1909f56bfc062723c751e8b465ee728b)  -> (artifact id: 'a764f0220e2e340d7acbcbd89cd0b938') in 0.028123 seconds
  Import took 0.033640 seconds .

========================================================================
Received Import Request.
  Time since last request: 34.830171 seconds.
  path: Assets/Sprites/WM_final.png
  artifactKey: Guid(ab5cc30e36ff6c644869a6b6360b5fe1) Importer(815301076,1909f56bfc062723c751e8b465ee728b)
Start importing Assets/Sprites/WM_final.png using Guid(ab5cc30e36ff6c644869a6b6360b5fe1) Importer(815301076,1909f56bfc062723c751e8b465ee728b)  -> (artifact id: 'f032daa52713520650450d35bd50172d') in 0.042235 seconds
  Import took 0.047254 seconds .

========================================================================
Received Import Request.
  Time since last request: 11.851629 seconds.
  path: Assets/Sprites/WM_final.png
  artifactKey: Guid(ab5cc30e36ff6c644869a6b6360b5fe1) Importer(815301076,1909f56bfc062723c751e8b465ee728b)
Start importing Assets/Sprites/WM_final.png using Guid(ab5cc30e36ff6c644869a6b6360b5fe1) Importer(815301076,1909f56bfc062723c751e8b465ee728b)  -> (artifact id: 'e86ddc7b8a422ee1e506eef479ea3a0d') in 0.024522 seconds
  Import took 0.029642 seconds .

========================================================================
Received Import Request.
  Time since last request: 88.257581 seconds.
  path: Assets/Sprites/WM_final.png
  artifactKey: Guid(ab5cc30e36ff6c644869a6b6360b5fe1) Importer(815301076,1909f56bfc062723c751e8b465ee728b)
Start importing Assets/Sprites/WM_final.png using Guid(ab5cc30e36ff6c644869a6b6360b5fe1) Importer(815301076,1909f56bfc062723c751e8b465ee728b)  -> (artifact id: 'eb154e454d3db0745557a97bb57cb942') in 0.068225 seconds
  Import took 0.075183 seconds .

========================================================================
Received Import Request.
  Time since last request: 13.300861 seconds.
  path: Assets/Sprites/WM_final.png
  artifactKey: Guid(ab5cc30e36ff6c644869a6b6360b5fe1) Importer(815301076,1909f56bfc062723c751e8b465ee728b)
Start importing Assets/Sprites/WM_final.png using Guid(ab5cc30e36ff6c644869a6b6360b5fe1) Importer(815301076,1909f56bfc062723c751e8b465ee728b)  -> (artifact id: '4f6e5af2fdf4fdc52db8e4322f0f1eae') in 0.033576 seconds
  Import took 0.037862 seconds .

========================================================================
Received Import Request.
  Time since last request: 8.165445 seconds.
  path: Assets/Sprites/WM_final.png
  artifactKey: Guid(ab5cc30e36ff6c644869a6b6360b5fe1) Importer(815301076,1909f56bfc062723c751e8b465ee728b)
Start importing Assets/Sprites/WM_final.png using Guid(ab5cc30e36ff6c644869a6b6360b5fe1) Importer(815301076,1909f56bfc062723c751e8b465ee728b)  -> (artifact id: '4d95cc38180ec1617ee1a9a4cd6358fa') in 0.064424 seconds
  Import took 0.068681 seconds .

========================================================================
Received Import Request.
  Time since last request: 4.129678 seconds.
  path: Assets/Sprites/WM_final.png
  artifactKey: Guid(ab5cc30e36ff6c644869a6b6360b5fe1) Importer(815301076,1909f56bfc062723c751e8b465ee728b)
Start importing Assets/Sprites/WM_final.png using Guid(ab5cc30e36ff6c644869a6b6360b5fe1) Importer(815301076,1909f56bfc062723c751e8b465ee728b)  -> (artifact id: 'aad1888de7294dc489437f3033c17fa3') in 0.039565 seconds
  Import took 0.044850 seconds .

========================================================================
Received Import Request.
  Time since last request: 3.624490 seconds.
  path: Assets/Sprites/WM_final.png
  artifactKey: Guid(ab5cc30e36ff6c644869a6b6360b5fe1) Importer(815301076,1909f56bfc062723c751e8b465ee728b)
Start importing Assets/Sprites/WM_final.png using Guid(ab5cc30e36ff6c644869a6b6360b5fe1) Importer(815301076,1909f56bfc062723c751e8b465ee728b)  -> (artifact id: 'd45c64bf993cce3f17792b25a39c5991') in 0.026280 seconds
  Import took 0.031878 seconds .

========================================================================
Received Import Request.
  Time since last request: 6.717883 seconds.
  path: Assets/Sprites/WM_final.png
  artifactKey: Guid(ab5cc30e36ff6c644869a6b6360b5fe1) Importer(815301076,1909f56bfc062723c751e8b465ee728b)
Start importing Assets/Sprites/WM_final.png using Guid(ab5cc30e36ff6c644869a6b6360b5fe1) Importer(815301076,1909f56bfc062723c751e8b465ee728b)  -> (artifact id: 'bc9f072275f776c6102d221064e849fd') in 0.021250 seconds
  Import took 0.027277 seconds .

========================================================================
Received Import Request.
  Time since last request: 3.613520 seconds.
  path: Assets/Sprites/WM_final.png
  artifactKey: Guid(ab5cc30e36ff6c644869a6b6360b5fe1) Importer(815301076,1909f56bfc062723c751e8b465ee728b)
Start importing Assets/Sprites/WM_final.png using Guid(ab5cc30e36ff6c644869a6b6360b5fe1) Importer(815301076,1909f56bfc062723c751e8b465ee728b)  -> (artifact id: 'c687fcf41970fa3d304b4608b8d4d1a9') in 0.036437 seconds
  Import took 0.040715 seconds .

========================================================================
Received Import Request.
  Time since last request: 9.694502 seconds.
  path: Assets/Sprites/WM_final.png
  artifactKey: Guid(ab5cc30e36ff6c644869a6b6360b5fe1) Importer(815301076,1909f56bfc062723c751e8b465ee728b)
Start importing Assets/Sprites/WM_final.png using Guid(ab5cc30e36ff6c644869a6b6360b5fe1) Importer(815301076,1909f56bfc062723c751e8b465ee728b)  -> (artifact id: '6d357a993e4ff0697e64af6d021abf75') in 0.030852 seconds
  Import took 0.035671 seconds .

========================================================================
Received Import Request.
  Time since last request: 471.254274 seconds.
  path: Assets/Sprites/WM_final.png
  artifactKey: Guid(ab5cc30e36ff6c644869a6b6360b5fe1) Importer(815301076,1909f56bfc062723c751e8b465ee728b)
Start importing Assets/Sprites/WM_final.png using Guid(ab5cc30e36ff6c644869a6b6360b5fe1) Importer(815301076,1909f56bfc062723c751e8b465ee728b)  -> (artifact id: '76d84f5519a256198bc348d0ef88c8d4') in 0.022703 seconds
  Import took 0.027212 seconds .

========================================================================
Received Import Request.
  Time since last request: 56.675815 seconds.
  path: Assets/Sprites/WM_final.png
  artifactKey: Guid(ab5cc30e36ff6c644869a6b6360b5fe1) Importer(815301076,1909f56bfc062723c751e8b465ee728b)
Start importing Assets/Sprites/WM_final.png using Guid(ab5cc30e36ff6c644869a6b6360b5fe1) Importer(815301076,1909f56bfc062723c751e8b465ee728b)  -> (artifact id: '42eddd7e553ff191668a6ec55d65890e') in 0.026682 seconds
  Import took 0.031215 seconds .

========================================================================
Received Import Request.
  Time since last request: 6.653657 seconds.
  path: Assets/Sprites/WM_final.png
  artifactKey: Guid(ab5cc30e36ff6c644869a6b6360b5fe1) Importer(815301076,1909f56bfc062723c751e8b465ee728b)
Start importing Assets/Sprites/WM_final.png using Guid(ab5cc30e36ff6c644869a6b6360b5fe1) Importer(815301076,1909f56bfc062723c751e8b465ee728b)  -> (artifact id: 'fe15b6260db2a4bd9030e37cfcd4c7d4') in 0.028568 seconds
  Import took 0.032554 seconds .

========================================================================
Received Import Request.
  Time since last request: 3.396689 seconds.
  path: Assets/Sprites/WM_final.png
  artifactKey: Guid(ab5cc30e36ff6c644869a6b6360b5fe1) Importer(815301076,1909f56bfc062723c751e8b465ee728b)
Start importing Assets/Sprites/WM_final.png using Guid(ab5cc30e36ff6c644869a6b6360b5fe1) Importer(815301076,1909f56bfc062723c751e8b465ee728b)  -> (artifact id: '8b904c4420ecfd3c81c49da6ed12decb') in 0.027477 seconds
  Import took 0.032742 seconds .

========================================================================
Received Import Request.
  Time since last request: 7.622221 seconds.
  path: Assets/Sprites/WM_final.png
  artifactKey: Guid(ab5cc30e36ff6c644869a6b6360b5fe1) Importer(815301076,1909f56bfc062723c751e8b465ee728b)
Start importing Assets/Sprites/WM_final.png using Guid(ab5cc30e36ff6c644869a6b6360b5fe1) Importer(815301076,1909f56bfc062723c751e8b465ee728b)  -> (artifact id: 'ac453b78c547cba0eefe60768f0deee4') in 0.031394 seconds
  Import took 0.035824 seconds .

========================================================================
Received Import Request.
  Time since last request: 12.729118 seconds.
  path: Assets/Sprites/WM_final.png
  artifactKey: Guid(ab5cc30e36ff6c644869a6b6360b5fe1) Importer(815301076,1909f56bfc062723c751e8b465ee728b)
Start importing Assets/Sprites/WM_final.png using Guid(ab5cc30e36ff6c644869a6b6360b5fe1) Importer(815301076,1909f56bfc062723c751e8b465ee728b)  -> (artifact id: 'd992a6615596757ae07f620084aff0ba') in 0.032723 seconds
  Import took 0.037110 seconds .

========================================================================
Received Import Request.
  Time since last request: 1706.542471 seconds.
  path: Assets/Sprites/WM_final.png
  artifactKey: Guid(ab5cc30e36ff6c644869a6b6360b5fe1) Importer(815301076,1909f56bfc062723c751e8b465ee728b)
Start importing Assets/Sprites/WM_final.png using Guid(ab5cc30e36ff6c644869a6b6360b5fe1) Importer(815301076,1909f56bfc062723c751e8b465ee728b)  -> (artifact id: 'fc908aedd0edb31065e01a1b757e24fc') in 0.030663 seconds
  Import took 0.037178 seconds .

========================================================================
Received Prepare
Registering precompiled user dll's ...
Registered in 0.002044 seconds.
Begin MonoManager ReloadAssembly
Native extension for LinuxStandalone target not found
Native extension for WindowsStandalone target not found
Native extension for WebGL target not found
Refreshing native plugins compatible for Editor in 0.67 ms, found 1 plugins.
Preloading 0 native plugins for Editor in 0.00 ms.
Invoked RoslynAnalysisRunner static constructor.
RoslynAnalysisRunner will not be running.
RoslynAnalysisRunner has terminated.
Mono: successfully reloaded assembly
- Completed reload, in  1.781 seconds
Platform modules already initialized, skipping
Refreshing native plugins compatible for Editor in 0.55 ms, found 1 plugins.
Preloading 0 native plugins for Editor in 0.00 ms.
Unloading 1622 Unused Serialized files (Serialized files now loaded: 0)
System memory in use before: 82.0 MB.
System memory in use after: 82.1 MB.

Unloading 8 unused Assets to reduce memory usage. Loaded Objects now: 2084.
Total: 3.792700 ms (FindLiveObjects: 0.322900 ms CreateObjectMapping: 0.107900 ms MarkObjects: 3.251500 ms  DeleteObjects: 0.107400 ms)

========================================================================
Received Prepare
Registering precompiled user dll's ...
Registered in 0.002116 seconds.
Begin MonoManager ReloadAssembly
Native extension for LinuxStandalone target not found
Native extension for WindowsStandalone target not found
Native extension for WebGL target not found
Refreshing native plugins compatible for Editor in 0.81 ms, found 1 plugins.
Preloading 0 native plugins for Editor in 0.00 ms.
Invoked RoslynAnalysisRunner static constructor.
RoslynAnalysisRunner will not be running.
RoslynAnalysisRunner has terminated.
Mono: successfully reloaded assembly
- Completed reload, in  1.436 seconds
Platform modules already initialized, skipping
Refreshing native plugins compatible for Editor in 0.42 ms, found 1 plugins.
Preloading 0 native plugins for Editor in 0.00 ms.
Unloading 1622 Unused Serialized files (Serialized files now loaded: 0)
System memory in use before: 82.1 MB.
System memory in use after: 82.2 MB.

Unloading 8 unused Assets to reduce memory usage. Loaded Objects now: 2086.
Total: 2.752000 ms (FindLiveObjects: 0.369400 ms CreateObjectMapping: 0.097300 ms MarkObjects: 2.214200 ms  DeleteObjects: 0.069200 ms)

========================================================================
Received Prepare
Registering precompiled user dll's ...
Registered in 0.001791 seconds.
Begin MonoManager ReloadAssembly
Native extension for LinuxStandalone target not found
Native extension for WindowsStandalone target not found
Native extension for WebGL target not found
Refreshing native plugins compatible for Editor in 0.84 ms, found 1 plugins.
Preloading 0 native plugins for Editor in 0.00 ms.
Invoked RoslynAnalysisRunner static constructor.
RoslynAnalysisRunner will not be running.
RoslynAnalysisRunner has terminated.
Mono: successfully reloaded assembly
- Completed reload, in  1.453 seconds
Platform modules already initialized, skipping
Refreshing native plugins compatible for Editor in 0.86 ms, found 1 plugins.
Preloading 0 native plugins for Editor in 0.00 ms.
Unloading 1622 Unused Serialized files (Serialized files now loaded: 0)
System memory in use before: 82.2 MB.
System memory in use after: 82.3 MB.

Unloading 8 unused Assets to reduce memory usage. Loaded Objects now: 2088.
Total: 3.070000 ms (FindLiveObjects: 0.412200 ms CreateObjectMapping: 0.117700 ms MarkObjects: 2.468700 ms  DeleteObjects: 0.069800 ms)

========================================================================
Received Prepare
Registering precompiled user dll's ...
Registered in 0.001648 seconds.
Begin MonoManager ReloadAssembly
Native extension for LinuxStandalone target not found
Native extension for WindowsStandalone target not found
Native extension for WebGL target not found
Refreshing native plugins compatible for Editor in 0.45 ms, found 1 plugins.
Preloading 0 native plugins for Editor in 0.00 ms.
Invoked RoslynAnalysisRunner static constructor.
RoslynAnalysisRunner will not be running.
RoslynAnalysisRunner has terminated.
Mono: successfully reloaded assembly
- Completed reload, in  1.472 seconds
Platform modules already initialized, skipping
Refreshing native plugins compatible for Editor in 0.43 ms, found 1 plugins.
Preloading 0 native plugins for Editor in 0.00 ms.
Unloading 1622 Unused Serialized files (Serialized files now loaded: 0)
System memory in use before: 82.3 MB.
System memory in use after: 82.4 MB.

Unloading 8 unused Assets to reduce memory usage. Loaded Objects now: 2090.
Total: 2.484800 ms (FindLiveObjects: 0.242500 ms CreateObjectMapping: 0.054000 ms MarkObjects: 2.114800 ms  DeleteObjects: 0.071800 ms)

========================================================================
Received Prepare
Registering precompiled user dll's ...
Registered in 0.001787 seconds.
Begin MonoManager ReloadAssembly
Native extension for LinuxStandalone target not found
Native extension for WindowsStandalone target not found
Native extension for WebGL target not found
Refreshing native plugins compatible for Editor in 0.60 ms, found 1 plugins.
Preloading 0 native plugins for Editor in 0.00 ms.
Invoked RoslynAnalysisRunner static constructor.
RoslynAnalysisRunner will not be running.
RoslynAnalysisRunner has terminated.
Mono: successfully reloaded assembly
- Completed reload, in  1.570 seconds
Platform modules already initialized, skipping
Refreshing native plugins compatible for Editor in 0.55 ms, found 1 plugins.
Preloading 0 native plugins for Editor in 0.00 ms.
Unloading 1622 Unused Serialized files (Serialized files now loaded: 0)
System memory in use before: 82.5 MB.
System memory in use after: 82.5 MB.

Unloading 8 unused Assets to reduce memory usage. Loaded Objects now: 2092.
Total: 2.616900 ms (FindLiveObjects: 0.253700 ms CreateObjectMapping: 0.054700 ms MarkObjects: 2.229100 ms  DeleteObjects: 0.077600 ms)

========================================================================
Received Prepare
Registering precompiled user dll's ...
Registered in 0.188625 seconds.
Begin MonoManager ReloadAssembly
Native extension for LinuxStandalone target not found
Native extension for WindowsStandalone target not found
Native extension for WebGL target not found
Refreshing native plugins compatible for Editor in 0.63 ms, found 1 plugins.
Preloading 0 native plugins for Editor in 0.00 ms.
Invoked RoslynAnalysisRunner static constructor.
RoslynAnalysisRunner will not be running.
RoslynAnalysisRunner has terminated.
Mono: successfully reloaded assembly
- Completed reload, in  9.891 seconds
Platform modules already initialized, skipping
Refreshing native plugins compatible for Editor in 0.45 ms, found 1 plugins.
Preloading 0 native plugins for Editor in 0.00 ms.
Unloading 1622 Unused Serialized files (Serialized files now loaded: 0)
System memory in use before: 82.6 MB.
System memory in use after: 82.6 MB.

Unloading 8 unused Assets to reduce memory usage. Loaded Objects now: 2094.
Total: 2.921700 ms (FindLiveObjects: 0.414900 ms CreateObjectMapping: 0.068800 ms MarkObjects: 2.359100 ms  DeleteObjects: 0.076300 ms)

========================================================================
Received Prepare
Registering precompiled user dll's ...
Registered in 0.002285 seconds.
Begin MonoManager ReloadAssembly
Native extension for LinuxStandalone target not found
Native extension for WindowsStandalone target not found
Native extension for WebGL target not found
Refreshing native plugins compatible for Editor in 0.59 ms, found 1 plugins.
Preloading 0 native plugins for Editor in 0.00 ms.
Invoked RoslynAnalysisRunner static constructor.
RoslynAnalysisRunner will not be running.
RoslynAnalysisRunner has terminated.
Mono: successfully reloaded assembly
- Completed reload, in  1.720 seconds
Platform modules already initialized, skipping
Refreshing native plugins compatible for Editor in 0.57 ms, found 1 plugins.
Preloading 0 native plugins for Editor in 0.00 ms.
Unloading 1622 Unused Serialized files (Serialized files now loaded: 0)
System memory in use before: 82.7 MB.
System memory in use after: 82.7 MB.

Unloading 8 unused Assets to reduce memory usage. Loaded Objects now: 2096.
Total: 3.221400 ms (FindLiveObjects: 0.406800 ms CreateObjectMapping: 0.118300 ms MarkObjects: 2.620500 ms  DeleteObjects: 0.073900 ms)

========================================================================
Received Prepare
Registering precompiled user dll's ...
Registered in 0.002296 seconds.
Begin MonoManager ReloadAssembly
Native extension for LinuxStandalone target not found
Native extension for WindowsStandalone target not found
Native extension for WebGL target not found
Refreshing native plugins compatible for Editor in 0.43 ms, found 1 plugins.
Preloading 0 native plugins for Editor in 0.00 ms.
Invoked RoslynAnalysisRunner static constructor.
RoslynAnalysisRunner will not be running.
RoslynAnalysisRunner has terminated.
Mono: successfully reloaded assembly
- Completed reload, in  1.333 seconds
Platform modules already initialized, skipping
Refreshing native plugins compatible for Editor in 0.45 ms, found 1 plugins.
Preloading 0 native plugins for Editor in 0.00 ms.
Unloading 1622 Unused Serialized files (Serialized files now loaded: 0)
System memory in use before: 82.8 MB.
System memory in use after: 82.8 MB.

Unloading 8 unused Assets to reduce memory usage. Loaded Objects now: 2098.
Total: 3.348400 ms (FindLiveObjects: 0.245500 ms CreateObjectMapping: 0.053100 ms MarkObjects: 2.974200 ms  DeleteObjects: 0.072900 ms)

AssetImportWorkerClient::OnTransportError - code=2 error=End of file
